<?xml version="1.0" encoding="UTF-8"?>
<!-- Generated by org.testng.reporters.JUnitXMLReporter -->
<testsuite hostname="DESKTOP-EDMIQE5" tests="10" failures="0" timestamp="12 Feb 2021 03:28:26 GMT" time="69.193" errors="0">
  <testcase name="test1Add on test1Add(NewSeleneseIT)" time="7.914" classname="NewSeleneseIT"/>
  <testcase name="test2Subtract on test2Subtract(NewSeleneseIT)" time="5.732" classname="NewSeleneseIT"/>
  <testcase name="test3Multiply on test3Multiply(NewSeleneseIT)" time="6.655" classname="NewSeleneseIT"/>
  <testcase name="test4Divide on test4Divide(NewSeleneseIT)" time="6.673" classname="NewSeleneseIT"/>
  <testcase name="test5ClearSimple on test5ClearSimple(NewSeleneseIT)" time="2.209" classname="NewSeleneseIT"/>
  <testcase name="test6Fibonacci on test6Fibonacci(NewSeleneseIT)" time="4.471" classname="NewSeleneseIT"/>
  <testcase name="test7Factorial on test7Factorial(NewSeleneseIT)" time="4.483" classname="NewSeleneseIT"/>
  <testcase name="test8Sqrt on test8Sqrt(NewSeleneseIT)" time="4.474" classname="NewSeleneseIT"/>
  <testcase name="test90Power on test90Power(NewSeleneseIT)" time="4.44" classname="NewSeleneseIT"/>
  <testcase name="test91ClearAdvanced on test91ClearAdvanced(NewSeleneseIT)" time="2.309" classname="NewSeleneseIT"/>
</testsuite>
